{"/Users/miracle/cloudsania-js/src/index.ts": {"path":"/Users/miracle/cloudsania-js/src/index.ts","statementMap":{"0":{"start":{"line":1,"column":0},"end":{"line":1,"column":54}},"1":{"start":{"line":3,"column":19},"end":{"line":5,"column":2}},"2":{"start":{"line":7,"column":0},"end":{"line":7,"column":26}}},"fnMap":{},"branchMap":{},"s":{"0":0,"1":0,"2":0},"f":{},"b":{}}
,"/Users/miracle/cloudsania-js/src/core/client/http-client.ts": {"path":"/Users/miracle/cloudsania-js/src/core/client/http-client.ts","statementMap":{"0":{"start":{"line":1,"column":0},"end":{"line":1,"column":40}},"1":{"start":{"line":3,"column":14},"end":{"line":7,"column":2}},"2":{"start":{"line":18,"column":2},"end":{"line":18,"column":31}},"3":{"start":{"line":18,"column":20},"end":{"line":18,"column":31}},"4":{"start":{"line":20,"column":16},"end":{"line":25,"column":14}},"5":{"start":{"line":22,"column":6},"end":{"line":22,"column":25}},"6":{"start":{"line":23,"column":6},"end":{"line":23,"column":17}},"7":{"start":{"line":27,"column":2},"end":{"line":27,"column":27}},"8":{"start":{"line":35,"column":18},"end":{"line":35,"column":53}},"9":{"start":{"line":36,"column":17},"end":{"line":36,"column":58}},"10":{"start":{"line":39,"column":14},"end":{"line":47,"column":4}},"11":{"start":{"line":49,"column":23},"end":{"line":49,"column":44}},"12":{"start":{"line":50,"column":25},"end":{"line":50,"column":28}},"13":{"start":{"line":52,"column":2},"end":{"line":54,"column":3}},"14":{"start":{"line":53,"column":4},"end":{"line":53,"column":59}},"15":{"start":{"line":56,"column":2},"end":{"line":60,"column":3}},"16":{"start":{"line":57,"column":4},"end":{"line":57,"column":41}},"17":{"start":{"line":59,"column":4},"end":{"line":59,"column":40}},"18":{"start":{"line":64,"column":13},"end":{"line":76,"column":2}},"19":{"start":{"line":66,"column":4},"end":{"line":66,"column":41}},"20":{"start":{"line":69,"column":4},"end":{"line":69,"column":42}},"21":{"start":{"line":72,"column":4},"end":{"line":72,"column":41}},"22":{"start":{"line":75,"column":4},"end":{"line":75,"column":44}}},"fnMap":{"0":{"name":"buildUrlWithQuery","decl":{"start":{"line":17,"column":9},"end":{"line":17,"column":26}},"loc":{"start":{"line":17,"column":83},"end":{"line":28,"column":1}}},"1":{"name":"(anonymous_1)","decl":{"start":{"line":21,"column":39},"end":{"line":21,"column":40}},"loc":{"start":{"line":21,"column":55},"end":{"line":24,"column":5}}},"2":{"name":"handleRequest","decl":{"start":{"line":30,"column":15},"end":{"line":30,"column":28}},"loc":{"start":{"line":33,"column":58},"end":{"line":61,"column":1}}},"3":{"name":"(anonymous_3)","decl":{"start":{"line":65,"column":7},"end":{"line":65,"column":21}},"loc":{"start":{"line":66,"column":4},"end":{"line":66,"column":41}}},"4":{"name":"(anonymous_4)","decl":{"start":{"line":68,"column":8},"end":{"line":68,"column":22}},"loc":{"start":{"line":69,"column":4},"end":{"line":69,"column":42}}},"5":{"name":"(anonymous_5)","decl":{"start":{"line":71,"column":7},"end":{"line":71,"column":21}},"loc":{"start":{"line":72,"column":4},"end":{"line":72,"column":41}}},"6":{"name":"(anonymous_6)","decl":{"start":{"line":74,"column":10},"end":{"line":74,"column":24}},"loc":{"start":{"line":75,"column":4},"end":{"line":75,"column":44}}}},"branchMap":{"0":{"loc":{"start":{"line":18,"column":2},"end":{"line":18,"column":31}},"type":"if","locations":[{"start":{"line":18,"column":2},"end":{"line":18,"column":31}}]},"1":{"loc":{"start":{"line":33,"column":2},"end":{"line":33,"column":58}},"type":"default-arg","locations":[{"start":{"line":33,"column":56},"end":{"line":33,"column":58}}]},"2":{"loc":{"start":{"line":33,"column":4},"end":{"line":33,"column":16}},"type":"default-arg","locations":[{"start":{"line":33,"column":14},"end":{"line":33,"column":16}}]},"3":{"loc":{"start":{"line":36,"column":17},"end":{"line":36,"column":58}},"type":"binary-expr","locations":[{"start":{"line":36,"column":17},"end":{"line":36,"column":41}},{"start":{"line":36,"column":45},"end":{"line":36,"column":58}}]},"4":{"loc":{"start":{"line":42,"column":10},"end":{"line":42,"column":62}},"type":"cond-expr","locations":[{"start":{"line":42,"column":19},"end":{"line":42,"column":57}},{"start":{"line":42,"column":60},"end":{"line":42,"column":62}}]},"5":{"loc":{"start":{"line":45,"column":10},"end":{"line":45,"column":46}},"type":"cond-expr","locations":[{"start":{"line":45,"column":19},"end":{"line":45,"column":39}},{"start":{"line":45,"column":42},"end":{"line":45,"column":46}}]},"6":{"loc":{"start":{"line":52,"column":2},"end":{"line":54,"column":3}},"type":"if","locations":[{"start":{"line":52,"column":2},"end":{"line":54,"column":3}}]}},"s":{"0":2,"1":2,"2":5,"3":4,"4":1,"5":2,"6":2,"7":1,"8":5,"9":5,"10":5,"11":5,"12":5,"13":5,"14":1,"15":4,"16":4,"17":1,"18":2,"19":4,"20":1,"21":0,"22":0},"f":{"0":5,"1":2,"2":5,"3":4,"4":1,"5":0,"6":0},"b":{"0":[4],"1":[3],"2":[5],"3":[5,1],"4":[1,4],"5":[1,4],"6":[1]}}
,"/Users/miracle/cloudsania-js/src/core/errors/error.ts": {"path":"/Users/miracle/cloudsania-js/src/core/errors/error.ts","statementMap":{"0":{"start":{"line":2,"column":0},"end":{"line":2,"column":39}},"1":{"start":{"line":12,"column":0},"end":{"line":12,"column":13}},"2":{"start":{"line":40,"column":4},"end":{"line":40,"column":56}},"3":{"start":{"line":41,"column":4},"end":{"line":41,"column":25}},"4":{"start":{"line":42,"column":4},"end":{"line":42,"column":27}},"5":{"start":{"line":43,"column":4},"end":{"line":43,"column":23}},"6":{"start":{"line":44,"column":4},"end":{"line":44,"column":47}},"7":{"start":{"line":53,"column":6},"end":{"line":59,"column":21}},"8":{"start":{"line":61,"column":4},"end":{"line":61,"column":49}},"9":{"start":{"line":61,"column":23},"end":{"line":61,"column":49}},"10":{"start":{"line":62,"column":4},"end":{"line":62,"column":57}},"11":{"start":{"line":62,"column":16},"end":{"line":62,"column":57}},"12":{"start":{"line":63,"column":4},"end":{"line":63,"column":45}},"13":{"start":{"line":81,"column":4},"end":{"line":83,"column":5}},"14":{"start":{"line":82,"column":6},"end":{"line":82,"column":84}},"15":{"start":{"line":85,"column":18},"end":{"line":85,"column":54}},"16":{"start":{"line":87,"column":4},"end":{"line":98,"column":5}},"17":{"start":{"line":88,"column":16},"end":{"line":88,"column":76}},"18":{"start":{"line":89,"column":16},"end":{"line":89,"column":80}},"19":{"start":{"line":90,"column":16},"end":{"line":90,"column":82}},"20":{"start":{"line":91,"column":16},"end":{"line":91,"column":74}},"21":{"start":{"line":92,"column":16},"end":{"line":92,"column":82}},"22":{"start":{"line":93,"column":16},"end":{"line":93,"column":74}},"23":{"start":{"line":94,"column":16},"end":{"line":94,"column":70}},"24":{"start":{"line":95,"column":16},"end":{"line":95,"column":86}},"25":{"start":{"line":96,"column":16},"end":{"line":96,"column":85}},"26":{"start":{"line":97,"column":16},"end":{"line":97,"column":75}},"27":{"start":{"line":100,"column":4},"end":{"line":102,"column":5}},"28":{"start":{"line":101,"column":6},"end":{"line":101,"column":70}},"29":{"start":{"line":104,"column":4},"end":{"line":104,"column":57}},"30":{"start":{"line":21,"column":0},"end":{"line":21,"column":13}},"31":{"start":{"line":113,"column":4},"end":{"line":113,"column":78}},"32":{"start":{"line":111,"column":0},"end":{"line":111,"column":13}},"33":{"start":{"line":122,"column":4},"end":{"line":122,"column":75}},"34":{"start":{"line":124,"column":4},"end":{"line":124,"column":34}},"35":{"start":{"line":124,"column":15},"end":{"line":124,"column":34}},"36":{"start":{"line":120,"column":0},"end":{"line":120,"column":13}},"37":{"start":{"line":133,"column":4},"end":{"line":133,"column":56}},"38":{"start":{"line":131,"column":0},"end":{"line":131,"column":13}},"39":{"start":{"line":138,"column":0},"end":{"line":138,"column":13}},"40":{"start":{"line":139,"column":0},"end":{"line":139,"column":13}},"41":{"start":{"line":140,"column":0},"end":{"line":140,"column":13}},"42":{"start":{"line":141,"column":0},"end":{"line":141,"column":13}},"43":{"start":{"line":142,"column":0},"end":{"line":142,"column":13}},"44":{"start":{"line":143,"column":0},"end":{"line":143,"column":13}},"45":{"start":{"line":144,"column":0},"end":{"line":144,"column":13}},"46":{"start":{"line":145,"column":0},"end":{"line":145,"column":13}},"47":{"start":{"line":146,"column":0},"end":{"line":146,"column":13}},"48":{"start":{"line":147,"column":0},"end":{"line":147,"column":13}},"49":{"start":{"line":148,"column":0},"end":{"line":148,"column":13}}},"fnMap":{"0":{"name":"(anonymous_0)","decl":{"start":{"line":39,"column":2},"end":{"line":39,"column":14}},"loc":{"start":{"line":39,"column":92},"end":{"line":45,"column":3}}},"1":{"name":"(anonymous_1)","decl":{"start":{"line":47,"column":10},"end":{"line":47,"column":16}},"loc":{"start":{"line":50,"column":31},"end":{"line":64,"column":3}}},"2":{"name":"(anonymous_2)","decl":{"start":{"line":75,"column":2},"end":{"line":75,"column":8}},"loc":{"start":{"line":79,"column":32},"end":{"line":105,"column":3}}},"3":{"name":"(anonymous_3)","decl":{"start":{"line":112,"column":2},"end":{"line":112,"column":14}},"loc":{"start":{"line":112,"column":52},"end":{"line":114,"column":3}}},"4":{"name":"(anonymous_4)","decl":{"start":{"line":121,"column":2},"end":{"line":121,"column":14}},"loc":{"start":{"line":121,"column":69},"end":{"line":125,"column":3}}},"5":{"name":"(anonymous_5)","decl":{"start":{"line":132,"column":2},"end":{"line":132,"column":14}},"loc":{"start":{"line":132,"column":52},"end":{"line":134,"column":3}}}},"branchMap":{"0":{"loc":{"start":{"line":44,"column":19},"end":{"line":44,"column":46}},"type":"binary-expr","locations":[{"start":{"line":44,"column":19},"end":{"line":44,"column":40}},{"start":{"line":44,"column":44},"end":{"line":44,"column":46}}]},"1":{"loc":{"start":{"line":53,"column":6},"end":{"line":59,"column":21}},"type":"cond-expr","locations":[{"start":{"line":54,"column":10},"end":{"line":54,"column":23}},{"start":{"line":55,"column":10},"end":{"line":59,"column":21}}]},"2":{"loc":{"start":{"line":55,"column":10},"end":{"line":59,"column":21}},"type":"cond-expr","locations":[{"start":{"line":56,"column":12},"end":{"line":56,"column":41}},{"start":{"line":57,"column":12},"end":{"line":59,"column":21}}]},"3":{"loc":{"start":{"line":57,"column":12},"end":{"line":59,"column":21}},"type":"cond-expr","locations":[{"start":{"line":58,"column":14},"end":{"line":58,"column":35}},{"start":{"line":59,"column":14},"end":{"line":59,"column":21}}]},"4":{"loc":{"start":{"line":61,"column":4},"end":{"line":61,"column":49}},"type":"if","locations":[{"start":{"line":61,"column":4},"end":{"line":61,"column":49}}]},"5":{"loc":{"start":{"line":61,"column":8},"end":{"line":61,"column":21}},"type":"binary-expr","locations":[{"start":{"line":61,"column":8},"end":{"line":61,"column":14}},{"start":{"line":61,"column":18},"end":{"line":61,"column":21}}]},"6":{"loc":{"start":{"line":62,"column":4},"end":{"line":62,"column":57}},"type":"if","locations":[{"start":{"line":62,"column":4},"end":{"line":62,"column":57}}]},"7":{"loc":{"start":{"line":63,"column":11},"end":{"line":63,"column":44}},"type":"binary-expr","locations":[{"start":{"line":63,"column":11},"end":{"line":63,"column":14}},{"start":{"line":63,"column":18},"end":{"line":63,"column":44}}]},"8":{"loc":{"start":{"line":81,"column":4},"end":{"line":83,"column":5}},"type":"if","locations":[{"start":{"line":81,"column":4},"end":{"line":83,"column":5}}]},"9":{"loc":{"start":{"line":81,"column":8},"end":{"line":81,"column":27}},"type":"binary-expr","locations":[{"start":{"line":81,"column":8},"end":{"line":81,"column":15}},{"start":{"line":81,"column":19},"end":{"line":81,"column":27}}]},"10":{"loc":{"start":{"line":87,"column":4},"end":{"line":98,"column":5}},"type":"switch","locations":[{"start":{"line":88,"column":6},"end":{"line":88,"column":76}},{"start":{"line":89,"column":6},"end":{"line":89,"column":80}},{"start":{"line":90,"column":6},"end":{"line":90,"column":82}},{"start":{"line":91,"column":6},"end":{"line":91,"column":74}},{"start":{"line":92,"column":6},"end":{"line":92,"column":82}},{"start":{"line":93,"column":6},"end":{"line":93,"column":74}},{"start":{"line":94,"column":6},"end":{"line":94,"column":70}},{"start":{"line":95,"column":6},"end":{"line":95,"column":86}},{"start":{"line":96,"column":6},"end":{"line":96,"column":85}},{"start":{"line":97,"column":6},"end":{"line":97,"column":75}}]},"11":{"loc":{"start":{"line":100,"column":4},"end":{"line":102,"column":5}},"type":"if","locations":[{"start":{"line":100,"column":4},"end":{"line":102,"column":5}}]},"12":{"loc":{"start":{"line":112,"column":14},"end":{"line":112,"column":52}},"type":"default-arg","locations":[{"start":{"line":112,"column":50},"end":{"line":112,"column":52}}]},"13":{"loc":{"start":{"line":113,"column":32},"end":{"line":113,"column":65}},"type":"binary-expr","locations":[{"start":{"line":113,"column":32},"end":{"line":113,"column":39}},{"start":{"line":113,"column":43},"end":{"line":113,"column":65}}]},"14":{"loc":{"start":{"line":122,"column":32},"end":{"line":122,"column":62}},"type":"binary-expr","locations":[{"start":{"line":122,"column":32},"end":{"line":122,"column":39}},{"start":{"line":122,"column":43},"end":{"line":122,"column":62}}]},"15":{"loc":{"start":{"line":124,"column":4},"end":{"line":124,"column":34}},"type":"if","locations":[{"start":{"line":124,"column":4},"end":{"line":124,"column":34}}]},"16":{"loc":{"start":{"line":132,"column":14},"end":{"line":132,"column":52}},"type":"default-arg","locations":[{"start":{"line":132,"column":50},"end":{"line":132,"column":52}}]},"17":{"loc":{"start":{"line":133,"column":21},"end":{"line":133,"column":52}},"type":"binary-expr","locations":[{"start":{"line":133,"column":21},"end":{"line":133,"column":28}},{"start":{"line":133,"column":32},"end":{"line":133,"column":52}}]}},"s":{"0":1,"1":1,"2":0,"3":0,"4":0,"5":0,"6":0,"7":0,"8":0,"9":0,"10":0,"11":0,"12":0,"13":0,"14":0,"15":0,"16":0,"17":0,"18":0,"19":0,"20":0,"21":0,"22":0,"23":0,"24":0,"25":0,"26":0,"27":0,"28":0,"29":0,"30":1,"31":0,"32":1,"33":0,"34":0,"35":0,"36":1,"37":0,"38":1,"39":1,"40":1,"41":1,"42":1,"43":1,"44":1,"45":1,"46":1,"47":1,"48":1,"49":1},"f":{"0":0,"1":0,"2":0,"3":0,"4":0,"5":0},"b":{"0":[0,0],"1":[0,0],"2":[0,0],"3":[0,0],"4":[0],"5":[0,0],"6":[0],"7":[0,0],"8":[0],"9":[0,0],"10":[0,0,0,0,0,0,0,0,0,0],"11":[0],"12":[0],"13":[0,0],"14":[0,0],"15":[0],"16":[0],"17":[0,0]}}
,"/Users/miracle/cloudsania-js/src/core/utils/index.ts": {"path":"/Users/miracle/cloudsania-js/src/core/utils/index.ts","statementMap":{"0":{"start":{"line":9,"column":27},"end":{"line":17,"column":1}},"1":{"start":{"line":10,"column":2},"end":{"line":10,"column":39}},"2":{"start":{"line":10,"column":28},"end":{"line":10,"column":39}},"3":{"start":{"line":11,"column":2},"end":{"line":15,"column":3}},"4":{"start":{"line":12,"column":4},"end":{"line":14,"column":14}},"5":{"start":{"line":13,"column":6},"end":{"line":13,"column":44}},"6":{"start":{"line":16,"column":2},"end":{"line":16,"column":32}},"7":{"start":{"line":9,"column":13},"end":{"line":9,"column":27}}},"fnMap":{"0":{"name":"(anonymous_0)","decl":{"start":{"line":9,"column":27},"end":{"line":9,"column":28}},"loc":{"start":{"line":9,"column":47},"end":{"line":17,"column":1}}}},"branchMap":{"0":{"loc":{"start":{"line":10,"column":2},"end":{"line":10,"column":39}},"type":"if","locations":[{"start":{"line":10,"column":2},"end":{"line":10,"column":39}}]},"1":{"loc":{"start":{"line":11,"column":2},"end":{"line":15,"column":3}},"type":"if","locations":[{"start":{"line":11,"column":2},"end":{"line":15,"column":3}}]},"2":{"loc":{"start":{"line":11,"column":6},"end":{"line":11,"column":45}},"type":"binary-expr","locations":[{"start":{"line":11,"column":6},"end":{"line":11,"column":29}},{"start":{"line":11,"column":33},"end":{"line":11,"column":45}}]}},"s":{"0":1,"1":0,"2":0,"3":0,"4":0,"5":0,"6":0,"7":1},"f":{"0":0},"b":{"0":[0],"1":[0],"2":[0,0]}}
,"/Users/miracle/cloudsania-js/src/modules/logger/buffer-manager.ts": {"path":"/Users/miracle/cloudsania-js/src/modules/logger/buffer-manager.ts","statementMap":{"0":{"start":{"line":7,"column":10},"end":{"line":7,"column":30}},"1":{"start":{"line":18,"column":4},"end":{"line":18,"column":33}},"2":{"start":{"line":28,"column":4},"end":{"line":30,"column":5}},"3":{"start":{"line":29,"column":6},"end":{"line":29,"column":32}},"4":{"start":{"line":39,"column":21},"end":{"line":39,"column":60}},"5":{"start":{"line":40,"column":4},"end":{"line":40,"column":21}},"6":{"start":{"line":41,"column":4},"end":{"line":41,"column":20}},"7":{"start":{"line":48,"column":4},"end":{"line":48,"column":30}},"8":{"start":{"line":55,"column":4},"end":{"line":55,"column":36}},"9":{"start":{"line":5,"column":0},"end":{"line":5,"column":13}}},"fnMap":{"0":{"name":"(anonymous_0)","decl":{"start":{"line":17,"column":2},"end":{"line":17,"column":14}},"loc":{"start":{"line":17,"column":29},"end":{"line":19,"column":3}}},"1":{"name":"(anonymous_1)","decl":{"start":{"line":27,"column":2},"end":{"line":27,"column":5}},"loc":{"start":{"line":27,"column":17},"end":{"line":31,"column":3}}},"2":{"name":"(anonymous_2)","decl":{"start":{"line":38,"column":2},"end":{"line":38,"column":7}},"loc":{"start":{"line":38,"column":7},"end":{"line":42,"column":3}}},"3":{"name":"(anonymous_3)","decl":{"start":{"line":47,"column":2},"end":{"line":47,"column":6}},"loc":{"start":{"line":47,"column":10},"end":{"line":49,"column":3}}},"4":{"name":"(anonymous_4)","decl":{"start":{"line":54,"column":2},"end":{"line":54,"column":6}},"loc":{"start":{"line":54,"column":13},"end":{"line":56,"column":3}}}},"branchMap":{"0":{"loc":{"start":{"line":28,"column":4},"end":{"line":30,"column":5}},"type":"if","locations":[{"start":{"line":28,"column":4},"end":{"line":30,"column":5}}]}},"s":{"0":11,"1":11,"2":6,"3":5,"4":3,"5":3,"6":3,"7":2,"8":3,"9":2},"f":{"0":11,"1":6,"2":3,"3":2,"4":3},"b":{"0":[5]}}
,"/Users/miracle/cloudsania-js/src/modules/logger/client.ts": {"path":"/Users/miracle/cloudsania-js/src/modules/logger/client.ts","statementMap":{"0":{"start":{"line":1,"column":0},"end":{"line":1,"column":55}},"1":{"start":{"line":17,"column":4},"end":{"line":17,"column":29}},"2":{"start":{"line":27,"column":4},"end":{"line":30,"column":7}},"3":{"start":{"line":7,"column":0},"end":{"line":7,"column":13}}},"fnMap":{"0":{"name":"(anonymous_0)","decl":{"start":{"line":16,"column":2},"end":{"line":16,"column":14}},"loc":{"start":{"line":16,"column":30},"end":{"line":18,"column":3}}},"1":{"name":"(anonymous_1)","decl":{"start":{"line":26,"column":2},"end":{"line":26,"column":7}},"loc":{"start":{"line":26,"column":41},"end":{"line":31,"column":3}}}},"branchMap":{},"s":{"0":2,"1":1,"2":2,"3":2},"f":{"0":1,"1":2},"b":{}}
,"/Users/miracle/cloudsania-js/src/modules/logger/connection-manager.ts": {"path":"/Users/miracle/cloudsania-js/src/modules/logger/connection-manager.ts","statementMap":{"0":{"start":{"line":8,"column":21},"end":{"line":8,"column":43}},"1":{"start":{"line":9,"column":21},"end":{"line":9,"column":46}},"2":{"start":{"line":10,"column":21},"end":{"line":10,"column":40}},"3":{"start":{"line":11,"column":12},"end":{"line":11,"column":36}},"4":{"start":{"line":3,"column":10},"end":{"line":3,"column":25}},"5":{"start":{"line":4,"column":10},"end":{"line":4,"column":27}},"6":{"start":{"line":5,"column":10},"end":{"line":5,"column":23}},"7":{"start":{"line":15,"column":4},"end":{"line":29,"column":19}},"8":{"start":{"line":16,"column":6},"end":{"line":16,"column":24}},"9":{"start":{"line":17,"column":6},"end":{"line":17,"column":26}},"10":{"start":{"line":19,"column":6},"end":{"line":22,"column":7}},"11":{"start":{"line":20,"column":8},"end":{"line":20,"column":24}},"12":{"start":{"line":21,"column":8},"end":{"line":21,"column":28}},"13":{"start":{"line":24,"column":6},"end":{"line":26,"column":7}},"14":{"start":{"line":25,"column":8},"end":{"line":25,"column":25}},"15":{"start":{"line":28,"column":6},"end":{"line":28,"column":17}},"16":{"start":{"line":33,"column":4},"end":{"line":33,"column":24}},"17":{"start":{"line":34,"column":4},"end":{"line":34,"column":26}},"18":{"start":{"line":35,"column":4},"end":{"line":35,"column":22}},"19":{"start":{"line":2,"column":0},"end":{"line":2,"column":13}}},"fnMap":{"0":{"name":"(anonymous_0)","decl":{"start":{"line":7,"column":2},"end":{"line":7,"column":null}},"loc":{"start":{"line":11,"column":44},"end":{"line":12,"column":6}}},"1":{"name":"(anonymous_1)","decl":{"start":{"line":11,"column":36},"end":{"line":11,"column":39}},"loc":{"start":{"line":11,"column":41},"end":{"line":11,"column":44}}},"2":{"name":"(anonymous_2)","decl":{"start":{"line":14,"column":2},"end":{"line":14,"column":19}},"loc":{"start":{"line":14,"column":40},"end":{"line":30,"column":3}}},"3":{"name":"(anonymous_3)","decl":{"start":{"line":15,"column":15},"end":{"line":15,"column":18}},"loc":{"start":{"line":15,"column":20},"end":{"line":29,"column":5}}},"4":{"name":"(anonymous_4)","decl":{"start":{"line":32,"column":2},"end":{"line":32,"column":7}},"loc":{"start":{"line":32,"column":7},"end":{"line":36,"column":3}}}},"branchMap":{"0":{"loc":{"start":{"line":8,"column":21},"end":{"line":8,"column":45}},"type":"default-arg","locations":[{"start":{"line":8,"column":43},"end":{"line":8,"column":45}}]},"1":{"loc":{"start":{"line":9,"column":21},"end":{"line":9,"column":47}},"type":"default-arg","locations":[{"start":{"line":9,"column":46},"end":{"line":9,"column":47}}]},"2":{"loc":{"start":{"line":10,"column":21},"end":{"line":10,"column":45}},"type":"default-arg","locations":[{"start":{"line":10,"column":40},"end":{"line":10,"column":45}}]},"3":{"loc":{"start":{"line":11,"column":12},"end":{"line":11,"column":44}},"type":"default-arg","locations":[{"start":{"line":11,"column":36},"end":{"line":11,"column":44}}]},"4":{"loc":{"start":{"line":19,"column":6},"end":{"line":22,"column":7}},"type":"if","locations":[{"start":{"line":19,"column":6},"end":{"line":22,"column":7}}]},"5":{"loc":{"start":{"line":19,"column":10},"end":{"line":19,"column":78}},"type":"binary-expr","locations":[{"start":{"line":19,"column":10},"end":{"line":19,"column":48}},{"start":{"line":19,"column":52},"end":{"line":19,"column":78}}]},"6":{"loc":{"start":{"line":24,"column":6},"end":{"line":26,"column":7}},"type":"if","locations":[{"start":{"line":24,"column":6},"end":{"line":26,"column":7}}]}},"s":{"0":10,"1":10,"2":10,"3":10,"4":10,"5":10,"6":10,"7":11,"8":11,"9":11,"10":11,"11":8,"12":8,"13":11,"14":1,"15":11,"16":1,"17":1,"18":1,"19":2},"f":{"0":10,"1":0,"2":11,"3":11,"4":1},"b":{"0":[1],"1":[1],"2":[1],"3":[3],"4":[8],"5":[11,8],"6":[1]}}
,"/Users/miracle/cloudsania-js/src/modules/logger/logs.ts": {"path":"/Users/miracle/cloudsania-js/src/modules/logger/logs.ts","statementMap":{"0":{"start":{"line":271,"column":0},"end":{"line":271,"column":42}},"1":{"start":{"line":272,"column":0},"end":{"line":272,"column":20}},"2":{"start":{"line":273,"column":0},"end":{"line":273,"column":49}},"3":{"start":{"line":274,"column":0},"end":{"line":274,"column":41}},"4":{"start":{"line":275,"column":0},"end":{"line":275,"column":57}},"5":{"start":{"line":276,"column":0},"end":{"line":276,"column":null}},"6":{"start":{"line":327,"column":4},"end":{"line":327,"column":16}},"7":{"start":{"line":312,"column":10},"end":{"line":312,"column":61}},"8":{"start":{"line":313,"column":10},"end":{"line":313,"column":71}},"9":{"start":{"line":316,"column":10},"end":{"line":316,"column":28}},"10":{"start":{"line":317,"column":10},"end":{"line":317,"column":30}},"11":{"start":{"line":318,"column":10},"end":{"line":318,"column":28}},"12":{"start":{"line":319,"column":10},"end":{"line":319,"column":32}},"13":{"start":{"line":329,"column":4},"end":{"line":329,"column":30}},"14":{"start":{"line":330,"column":4},"end":{"line":330,"column":51}},"15":{"start":{"line":332,"column":4},"end":{"line":334,"column":5}},"16":{"start":{"line":333,"column":6},"end":{"line":333,"column":60}},"17":{"start":{"line":336,"column":4},"end":{"line":344,"column":6}},"18":{"start":{"line":341,"column":8},"end":{"line":341,"column":36}},"19":{"start":{"line":342,"column":8},"end":{"line":342,"column":94}},"20":{"start":{"line":356,"column":4},"end":{"line":356,"column":42}},"21":{"start":{"line":356,"column":24},"end":{"line":356,"column":42}},"22":{"start":{"line":358,"column":4},"end":{"line":358,"column":50}},"23":{"start":{"line":358,"column":23},"end":{"line":358,"column":48}},"24":{"start":{"line":359,"column":40},"end":{"line":359,"column":44}},"25":{"start":{"line":361,"column":22},"end":{"line":361,"column":85}},"26":{"start":{"line":363,"column":20},"end":{"line":369,"column":6}},"27":{"start":{"line":371,"column":4},"end":{"line":371,"column":50}},"28":{"start":{"line":380,"column":4},"end":{"line":383,"column":5}},"29":{"start":{"line":381,"column":6},"end":{"line":381,"column":34}},"30":{"start":{"line":382,"column":6},"end":{"line":382,"column":24}},"31":{"start":{"line":385,"column":4},"end":{"line":399,"column":9}},"32":{"start":{"line":387,"column":8},"end":{"line":387,"column":39}},"33":{"start":{"line":388,"column":8},"end":{"line":388,"column":35}},"34":{"start":{"line":389,"column":8},"end":{"line":389,"column":19}},"35":{"start":{"line":392,"column":8},"end":{"line":392,"column":30}},"36":{"start":{"line":393,"column":8},"end":{"line":393,"column":36}},"37":{"start":{"line":394,"column":8},"end":{"line":394,"column":51}},"38":{"start":{"line":395,"column":8},"end":{"line":395,"column":31}},"39":{"start":{"line":397,"column":8},"end":{"line":397,"column":76}},"40":{"start":{"line":397,"column":55},"end":{"line":397,"column":74}},"41":{"start":{"line":398,"column":8},"end":{"line":398,"column":19}},"42":{"start":{"line":407,"column":4},"end":{"line":407,"column":99}},"43":{"start":{"line":407,"column":92},"end":{"line":407,"column":99}},"44":{"start":{"line":409,"column":21},"end":{"line":409,"column":47}},"45":{"start":{"line":410,"column":21},"end":{"line":414,"column":null}},"46":{"start":{"line":411,"column":6},"end":{"line":414,"column":8}},"47":{"start":{"line":412,"column":8},"end":{"line":412,"column":36}},"48":{"start":{"line":413,"column":8},"end":{"line":413,"column":32}},"49":{"start":{"line":417,"column":4},"end":{"line":427,"column":7}},"50":{"start":{"line":418,"column":21},"end":{"line":418,"column":72}},"51":{"start":{"line":418,"column":41},"end":{"line":418,"column":64}},"52":{"start":{"line":419,"column":6},"end":{"line":426,"column":7}},"53":{"start":{"line":420,"column":8},"end":{"line":420,"column":80}},"54":{"start":{"line":421,"column":8},"end":{"line":421,"column":76}},"55":{"start":{"line":421,"column":55},"end":{"line":421,"column":74}},"56":{"start":{"line":423,"column":8},"end":{"line":423,"column":39}},"57":{"start":{"line":424,"column":8},"end":{"line":424,"column":35}},"58":{"start":{"line":425,"column":8},"end":{"line":425,"column":36}},"59":{"start":{"line":436,"column":4},"end":{"line":436,"column":55}},"60":{"start":{"line":436,"column":42},"end":{"line":436,"column":55}},"61":{"start":{"line":437,"column":4},"end":{"line":441,"column":5}},"62":{"start":{"line":438,"column":6},"end":{"line":440,"column":82}},"63":{"start":{"line":442,"column":4},"end":{"line":442,"column":56}},"64":{"start":{"line":450,"column":4},"end":{"line":450,"column":28}},"65":{"start":{"line":458,"column":4},"end":{"line":458,"column":26}},"66":{"start":{"line":459,"column":4},"end":{"line":459,"column":57}},"67":{"start":{"line":459,"column":37},"end":{"line":459,"column":57}},"68":{"start":{"line":460,"column":4},"end":{"line":460,"column":24}},"69":{"start":{"line":309,"column":0},"end":{"line":309,"column":13}}},"fnMap":{"0":{"name":"(anonymous_1)","decl":{"start":{"line":326,"column":2},"end":{"line":326,"column":14}},"loc":{"start":{"line":326,"column":37},"end":{"line":345,"column":3}}},"1":{"name":"(anonymous_2)","decl":{"start":{"line":340,"column":6},"end":{"line":340,"column":9}},"loc":{"start":{"line":340,"column":11},"end":{"line":343,"column":7}}},"2":{"name":"(anonymous_3)","decl":{"start":{"line":352,"column":2},"end":{"line":352,"column":5}},"loc":{"start":{"line":354,"column":24},"end":{"line":372,"column":3}}},"3":{"name":"(anonymous_4)","decl":{"start":{"line":358,"column":17},"end":{"line":358,"column":20}},"loc":{"start":{"line":358,"column":23},"end":{"line":358,"column":48}}},"4":{"name":"(anonymous_5)","decl":{"start":{"line":379,"column":10},"end":{"line":379,"column":15}},"loc":{"start":{"line":379,"column":49},"end":{"line":400,"column":3}}},"5":{"name":"(anonymous_6)","decl":{"start":{"line":386,"column":12},"end":{"line":386,"column":15}},"loc":{"start":{"line":386,"column":17},"end":{"line":390,"column":7}}},"6":{"name":"(anonymous_7)","decl":{"start":{"line":391,"column":13},"end":{"line":391,"column":16}},"loc":{"start":{"line":391,"column":19},"end":{"line":399,"column":7}}},"7":{"name":"(anonymous_8)","decl":{"start":{"line":397,"column":49},"end":{"line":397,"column":52}},"loc":{"start":{"line":397,"column":55},"end":{"line":397,"column":74}}},"8":{"name":"(anonymous_9)","decl":{"start":{"line":406,"column":10},"end":{"line":406,"column":22}},"loc":{"start":{"line":406,"column":22},"end":{"line":428,"column":3}}},"9":{"name":"(anonymous_10)","decl":{"start":{"line":410,"column":34},"end":{"line":410,"column":37}},"loc":{"start":{"line":411,"column":6},"end":{"line":414,"column":8}}},"10":{"name":"(anonymous_11)","decl":{"start":{"line":411,"column":46},"end":{"line":411,"column":49}},"loc":{"start":{"line":411,"column":51},"end":{"line":414,"column":7}}},"11":{"name":"(anonymous_12)","decl":{"start":{"line":417,"column":38},"end":{"line":417,"column":45}},"loc":{"start":{"line":417,"column":48},"end":{"line":427,"column":5}}},"12":{"name":"(anonymous_13)","decl":{"start":{"line":418,"column":36},"end":{"line":418,"column":37}},"loc":{"start":{"line":418,"column":41},"end":{"line":418,"column":64}}},"13":{"name":"(anonymous_14)","decl":{"start":{"line":421,"column":49},"end":{"line":421,"column":52}},"loc":{"start":{"line":421,"column":55},"end":{"line":421,"column":74}}},"14":{"name":"(anonymous_15)","decl":{"start":{"line":435,"column":10},"end":{"line":435,"column":25}},"loc":{"start":{"line":435,"column":36},"end":{"line":443,"column":3}}},"15":{"name":"(anonymous_16)","decl":{"start":{"line":449,"column":10},"end":{"line":449,"column":20}},"loc":{"start":{"line":449,"column":31},"end":{"line":451,"column":3}}},"16":{"name":"(anonymous_17)","decl":{"start":{"line":457,"column":2},"end":{"line":457,"column":7}},"loc":{"start":{"line":457,"column":7},"end":{"line":461,"column":3}}}},"branchMap":{"0":{"loc":{"start":{"line":330,"column":20},"end":{"line":330,"column":50}},"type":"binary-expr","locations":[{"start":{"line":330,"column":20},"end":{"line":330,"column":33}},{"start":{"line":330,"column":37},"end":{"line":330,"column":50}}]},"1":{"loc":{"start":{"line":332,"column":4},"end":{"line":334,"column":5}},"type":"if","locations":[{"start":{"line":332,"column":4},"end":{"line":334,"column":5}}]},"2":{"loc":{"start":{"line":356,"column":4},"end":{"line":356,"column":42}},"type":"if","locations":[{"start":{"line":356,"column":4},"end":{"line":356,"column":42}}]},"3":{"loc":{"start":{"line":361,"column":22},"end":{"line":361,"column":85}},"type":"cond-expr","locations":[{"start":{"line":361,"column":52},"end":{"line":361,"column":59}},{"start":{"line":361,"column":62},"end":{"line":361,"column":85}}]},"4":{"loc":{"start":{"line":380,"column":4},"end":{"line":383,"column":5}},"type":"if","locations":[{"start":{"line":380,"column":4},"end":{"line":383,"column":5}}]},"5":{"loc":{"start":{"line":380,"column":8},"end":{"line":380,"column":66}},"type":"binary-expr","locations":[{"start":{"line":380,"column":8},"end":{"line":380,"column":28}},{"start":{"line":380,"column":32},"end":{"line":380,"column":46}},{"start":{"line":380,"column":50},"end":{"line":380,"column":66}}]},"6":{"loc":{"start":{"line":407,"column":4},"end":{"line":407,"column":99}},"type":"if","locations":[{"start":{"line":407,"column":4},"end":{"line":407,"column":99}}]},"7":{"loc":{"start":{"line":407,"column":8},"end":{"line":407,"column":90}},"type":"binary-expr","locations":[{"start":{"line":407,"column":8},"end":{"line":407,"column":22}},{"start":{"line":407,"column":26},"end":{"line":407,"column":40}},{"start":{"line":407,"column":44},"end":{"line":407,"column":60}},{"start":{"line":407,"column":64},"end":{"line":407,"column":90}}]},"8":{"loc":{"start":{"line":419,"column":6},"end":{"line":426,"column":7}},"type":"if","locations":[{"start":{"line":419,"column":6},"end":{"line":426,"column":7}},{"start":{"line":422,"column":13},"end":{"line":426,"column":7}}]},"9":{"loc":{"start":{"line":436,"column":4},"end":{"line":436,"column":55}},"type":"if","locations":[{"start":{"line":436,"column":4},"end":{"line":436,"column":55}}]},"10":{"loc":{"start":{"line":437,"column":4},"end":{"line":441,"column":5}},"type":"if","locations":[{"start":{"line":437,"column":4},"end":{"line":441,"column":5}}]},"11":{"loc":{"start":{"line":438,"column":13},"end":{"line":440,"column":81}},"type":"cond-expr","locations":[{"start":{"line":439,"column":10},"end":{"line":439,"column":79}},{"start":{"line":440,"column":10},"end":{"line":440,"column":81}}]},"12":{"loc":{"start":{"line":459,"column":4},"end":{"line":459,"column":57}},"type":"if","locations":[{"start":{"line":459,"column":4},"end":{"line":459,"column":57}}]}},"s":{"0":1,"1":1,"2":1,"3":1,"4":1,"5":1,"6":7,"7":7,"8":7,"9":7,"10":7,"11":7,"12":7,"13":7,"14":7,"15":7,"16":1,"17":6,"18":0,"19":0,"20":5,"21":0,"22":5,"23":0,"24":5,"25":5,"26":5,"27":5,"28":5,"29":0,"30":0,"31":5,"32":0,"33":0,"34":0,"35":0,"36":0,"37":0,"38":0,"39":0,"40":0,"41":0,"42":0,"43":0,"44":0,"45":0,"46":0,"47":0,"48":0,"49":0,"50":0,"51":0,"52":0,"53":0,"54":0,"55":0,"56":0,"57":0,"58":0,"59":0,"60":0,"61":0,"62":0,"63":0,"64":0,"65":0,"66":0,"67":0,"68":0,"69":1},"f":{"0":7,"1":0,"2":5,"3":0,"4":5,"5":0,"6":0,"7":0,"8":0,"9":0,"10":0,"11":0,"12":0,"13":0,"14":0,"15":0,"16":0},"b":{"0":[7,1],"1":[1],"2":[0],"3":[5,0],"4":[0],"5":[5,5,5],"6":[0],"7":[0,0,0,0],"8":[0,0],"9":[0],"10":[0],"11":[0,0],"12":[0]}}
}
