TN:
SF:src/index.ts
FNF:0
FNH:0
DA:1,0
DA:3,0
DA:7,0
LF:3
LH:0
BRF:0
BRH:0
end_of_record
TN:
SF:src/core/client/http-client.ts
FN:17,buildUrlWithQuery
FN:21,(anonymous_1)
FN:30,handleRequest
FN:65,(anonymous_3)
FN:68,(anonymous_4)
FN:71,(anonymous_5)
FN:74,(anonymous_6)
FNF:7
FNH:5
FNDA:5,buildUrlWithQuery
FNDA:2,(anonymous_1)
FNDA:5,handleRequest
FNDA:4,(anonymous_3)
FNDA:1,(anonymous_4)
FNDA:0,(anonymous_5)
FNDA:0,(anonymous_6)
DA:1,2
DA:3,2
DA:18,5
DA:20,1
DA:22,2
DA:23,2
DA:27,1
DA:35,5
DA:36,5
DA:39,5
DA:49,5
DA:50,5
DA:52,5
DA:53,1
DA:56,4
DA:57,4
DA:59,1
DA:64,2
DA:66,4
DA:69,1
DA:72,0
DA:75,0
LF:22
LH:20
BRDA:18,0,0,4
BRDA:33,1,0,3
BRDA:33,2,0,5
BRDA:36,3,0,5
BRDA:36,3,1,1
BRDA:42,4,0,1
BRDA:42,4,1,4
BRDA:45,5,0,1
BRDA:45,5,1,4
BRDA:52,6,0,1
BRF:10
BRH:10
end_of_record
TN:
SF:src/core/errors/error.ts
FN:39,(anonymous_0)
FN:47,(anonymous_1)
FN:75,(anonymous_2)
FN:112,(anonymous_3)
FN:121,(anonymous_4)
FN:132,(anonymous_5)
FNF:6
FNH:0
FNDA:0,(anonymous_0)
FNDA:0,(anonymous_1)
FNDA:0,(anonymous_2)
FNDA:0,(anonymous_3)
FNDA:0,(anonymous_4)
FNDA:0,(anonymous_5)
DA:2,1
DA:12,1
DA:21,1
DA:40,0
DA:41,0
DA:42,0
DA:43,0
DA:44,0
DA:53,0
DA:61,0
DA:62,0
DA:63,0
DA:81,0
DA:82,0
DA:85,0
DA:87,0
DA:88,0
DA:89,0
DA:90,0
DA:91,0
DA:92,0
DA:93,0
DA:94,0
DA:95,0
DA:96,0
DA:97,0
DA:100,0
DA:101,0
DA:104,0
DA:111,1
DA:113,0
DA:120,1
DA:122,0
DA:124,0
DA:131,1
DA:133,0
DA:138,1
DA:139,1
DA:140,1
DA:141,1
DA:142,1
DA:143,1
DA:144,1
DA:145,1
DA:146,1
DA:147,1
DA:148,1
LF:47
LH:17
BRDA:44,0,0,0
BRDA:44,0,1,0
BRDA:53,1,0,0
BRDA:53,1,1,0
BRDA:55,2,0,0
BRDA:55,2,1,0
BRDA:57,3,0,0
BRDA:57,3,1,0
BRDA:61,4,0,0
BRDA:61,5,0,0
BRDA:61,5,1,0
BRDA:62,6,0,0
BRDA:63,7,0,0
BRDA:63,7,1,0
BRDA:81,8,0,0
BRDA:81,9,0,0
BRDA:81,9,1,0
BRDA:87,10,0,0
BRDA:87,10,1,0
BRDA:87,10,2,0
BRDA:87,10,3,0
BRDA:87,10,4,0
BRDA:87,10,5,0
BRDA:87,10,6,0
BRDA:87,10,7,0
BRDA:87,10,8,0
BRDA:87,10,9,0
BRDA:100,11,0,0
BRDA:112,12,0,0
BRDA:113,13,0,0
BRDA:113,13,1,0
BRDA:122,14,0,0
BRDA:122,14,1,0
BRDA:124,15,0,0
BRDA:132,16,0,0
BRDA:133,17,0,0
BRDA:133,17,1,0
BRF:37
BRH:0
end_of_record
TN:
SF:src/core/utils/index.ts
FN:9,(anonymous_0)
FNF:1
FNH:0
FNDA:0,(anonymous_0)
DA:9,1
DA:10,0
DA:11,0
DA:12,0
DA:13,0
DA:16,0
LF:6
LH:1
BRDA:10,0,0,0
BRDA:11,1,0,0
BRDA:11,2,0,0
BRDA:11,2,1,0
BRF:4
BRH:0
end_of_record
TN:
SF:src/modules/logger/buffer-manager.ts
FN:17,(anonymous_0)
FN:27,(anonymous_1)
FN:38,(anonymous_2)
FN:47,(anonymous_3)
FN:54,(anonymous_4)
FNF:5
FNH:5
FNDA:11,(anonymous_0)
FNDA:6,(anonymous_1)
FNDA:3,(anonymous_2)
FNDA:2,(anonymous_3)
FNDA:3,(anonymous_4)
DA:5,2
DA:7,11
DA:18,11
DA:28,6
DA:29,5
DA:39,3
DA:40,3
DA:41,3
DA:48,2
DA:55,3
LF:10
LH:10
BRDA:28,0,0,5
BRF:1
BRH:1
end_of_record
TN:
SF:src/modules/logger/client.ts
FN:16,(anonymous_0)
FN:26,(anonymous_1)
FNF:2
FNH:2
FNDA:1,(anonymous_0)
FNDA:2,(anonymous_1)
DA:1,2
DA:7,2
DA:17,1
DA:27,2
LF:4
LH:4
BRF:0
BRH:0
end_of_record
TN:
SF:src/modules/logger/connection-manager.ts
FN:7,(anonymous_0)
FN:11,(anonymous_1)
FN:14,(anonymous_2)
FN:15,(anonymous_3)
FN:32,(anonymous_4)
FNF:5
FNH:4
FNDA:10,(anonymous_0)
FNDA:0,(anonymous_1)
FNDA:11,(anonymous_2)
FNDA:11,(anonymous_3)
FNDA:1,(anonymous_4)
DA:2,2
DA:3,10
DA:4,10
DA:5,10
DA:8,10
DA:9,10
DA:10,10
DA:11,10
DA:15,11
DA:16,11
DA:17,11
DA:19,11
DA:20,8
DA:21,8
DA:24,11
DA:25,1
DA:28,11
DA:33,1
DA:34,1
DA:35,1
LF:20
LH:20
BRDA:8,0,0,1
BRDA:9,1,0,1
BRDA:10,2,0,1
BRDA:11,3,0,3
BRDA:19,4,0,8
BRDA:19,5,0,11
BRDA:19,5,1,8
BRDA:24,6,0,1
BRF:8
BRH:8
end_of_record
TN:
SF:src/modules/logger/logs.ts
FN:326,(anonymous_1)
FN:340,(anonymous_2)
FN:352,(anonymous_3)
FN:358,(anonymous_4)
FN:379,(anonymous_5)
FN:386,(anonymous_6)
FN:391,(anonymous_7)
FN:397,(anonymous_8)
FN:406,(anonymous_9)
FN:410,(anonymous_10)
FN:411,(anonymous_11)
FN:417,(anonymous_12)
FN:418,(anonymous_13)
FN:421,(anonymous_14)
FN:435,(anonymous_15)
FN:449,(anonymous_16)
FN:457,(anonymous_17)
FNF:17
FNH:3
FNDA:7,(anonymous_1)
FNDA:0,(anonymous_2)
FNDA:5,(anonymous_3)
FNDA:0,(anonymous_4)
FNDA:5,(anonymous_5)
FNDA:0,(anonymous_6)
FNDA:0,(anonymous_7)
FNDA:0,(anonymous_8)
FNDA:0,(anonymous_9)
FNDA:0,(anonymous_10)
FNDA:0,(anonymous_11)
FNDA:0,(anonymous_12)
FNDA:0,(anonymous_13)
FNDA:0,(anonymous_14)
FNDA:0,(anonymous_15)
FNDA:0,(anonymous_16)
FNDA:0,(anonymous_17)
DA:271,1
DA:272,1
DA:273,1
DA:274,1
DA:275,1
DA:276,1
DA:309,1
DA:312,7
DA:313,7
DA:316,7
DA:317,7
DA:318,7
DA:319,7
DA:327,7
DA:329,7
DA:330,7
DA:332,7
DA:333,1
DA:336,6
DA:341,0
DA:342,0
DA:356,5
DA:358,5
DA:359,5
DA:361,5
DA:363,5
DA:371,5
DA:380,5
DA:381,0
DA:382,0
DA:385,5
DA:387,0
DA:388,0
DA:389,0
DA:392,0
DA:393,0
DA:394,0
DA:395,0
DA:397,0
DA:398,0
DA:407,0
DA:409,0
DA:410,0
DA:411,0
DA:412,0
DA:413,0
DA:417,0
DA:418,0
DA:419,0
DA:420,0
DA:421,0
DA:423,0
DA:424,0
DA:425,0
DA:436,0
DA:437,0
DA:438,0
DA:442,0
DA:450,0
DA:458,0
DA:459,0
DA:460,0
LF:62
LH:27
BRDA:330,0,0,7
BRDA:330,0,1,1
BRDA:332,1,0,1
BRDA:356,2,0,0
BRDA:361,3,0,5
BRDA:361,3,1,0
BRDA:380,4,0,0
BRDA:380,5,0,5
BRDA:380,5,1,5
BRDA:380,5,2,5
BRDA:407,6,0,0
BRDA:407,7,0,0
BRDA:407,7,1,0
BRDA:407,7,2,0
BRDA:407,7,3,0
BRDA:419,8,0,0
BRDA:419,8,1,0
BRDA:436,9,0,0
BRDA:437,10,0,0
BRDA:438,11,0,0
BRDA:438,11,1,0
BRDA:459,12,0,0
BRF:22
BRH:7
end_of_record
